<?xml version="1.0" encoding="UTF-8"?>
<!-- Generated by org.testng.reporters.JUnitReportReporter -->
<testsuite hostname="LIS-NB-0020" failures="0" tests="6" name="petStoreFinalBDD.TestRunner" time="91.913" errors="0" timestamp="2024-02-21T14:52:53 WET" skipped="0">
  <testcase classname="petStoreFinalBDD.TestRunner" name="runScenario" time="21.675"/>
  <system-out/>
  <testcase classname="petStoreFinalBDD.TestRunner" name="runScenario" time="20.905"/>
  <system-out/>
  <testcase classname="petStoreFinalBDD.TestRunner" name="runScenario" time="13.549"/>
  <system-out/>
  <testcase classname="petStoreFinalBDD.TestRunner" name="runScenario" time="8.302"/>
  <system-out/>
  <testcase classname="petStoreFinalBDD.TestRunner" name="runScenario" time="15.896"/>
  <system-out/>
  <testcase classname="petStoreFinalBDD.TestRunner" name="runScenario" time="11.586"/>
  <system-out/>
</testsuite> <!-- petStoreFinalBDD.TestRunner -->
